{
  "stats": {
    "suites": 12,
    "tests": 41,
    "passes": 1,
    "pending": 0,
    "failures": 40,
    "start": "2022-07-04T20:47:38.398Z",
    "end": "2022-07-04T20:50:34.173Z",
    "duration": 175775,
    "testsRegistered": 41,
    "passPercent": 2.4390243902439024,
    "pendingPercent": 0,
    "other": 0,
    "hasOther": false,
    "skipped": 0,
    "hasSkipped": false
  },
  "results": [
    {
      "uuid": "812f0f37-f758-4d7f-ae64-e188412ae09c",
      "title": "",
      "fullFile": "cypress/integration/project.spec.js",
      "file": "cypress/integration/project.spec.js",
      "beforeHooks": [],
      "afterHooks": [],
      "tests": [],
      "suites": [
        {
          "uuid": "d2d66360-2310-4716-bc1a-50563468ed61",
          "title": "1 - Adicione à página o título \"Paleta de Cores\".",
          "fullFile": "",
          "file": "",
          "beforeHooks": [],
          "afterHooks": [],
          "tests": [
            {
              "title": "Verifica se contém um elemento `h1` com o id `title` com o título correto",
              "fullTitle": "1 - Adicione à página o título \"Paleta de Cores\". Verifica se contém um elemento `h1` com o id `title` com o título correto",
              "timedOut": null,
              "duration": 127,
              "state": "passed",
              "speed": "slow",
              "pass": true,
              "fail": false,
              "pending": false,
              "context": null,
              "code": "cy.get('h1#title').should('contain.text', 'Paleta de Cores');",
              "err": {},
              "uuid": "084c9035-f4ff-4bd7-934f-1e05c53cf6b5",
              "parentUUID": "d2d66360-2310-4716-bc1a-50563468ed61",
              "isHook": false,
              "skipped": false
            }
          ],
          "suites": [],
          "passes": [
            "084c9035-f4ff-4bd7-934f-1e05c53cf6b5"
          ],
          "failures": [],
          "pending": [],
          "skipped": [],
          "duration": 127,
          "root": false,
          "rootEmpty": false,
          "_timeout": 2000
        },
        {
          "uuid": "60b3cce3-807c-4c95-b0a5-245fd9e8edeb",
          "title": "2 - Adicione à página uma paleta de quatro cores distintas.",
          "fullFile": "",
          "file": "",
          "beforeHooks": [],
          "afterHooks": [],
          "tests": [
            {
              "title": "A paleta de cores deve ser um elemento com `id` denominado `color-palette` e ter mais de 0px de altura e de largura.",
              "fullTitle": "2 - Adicione à página uma paleta de quatro cores distintas. A paleta de cores deve ser um elemento com `id` denominado `color-palette` e ter mais de 0px de altura e de largura.",
              "timedOut": null,
              "duration": 4352,
              "state": "failed",
              "speed": null,
              "pass": false,
              "fail": true,
              "pending": false,
              "context": null,
              "code": "cy.get('#color-palette').should('be.visible');\ncy.get('#color-palette').children('.color');",
              "err": {
                "message": "CypressError: Timed out retrying: Expected to find element: '#color-palette', but never found it.",
                "estack": "CypressError: Timed out retrying: Expected to find element: '#color-palette', but never found it.\n    at cypressErr (http://localhost:49574/__cypress/runner/cypress_runner.js:149934:9)\n    at throwErr (http://localhost:49574/__cypress/runner/cypress_runner.js:149867:11)\n    at Object.throwErrByPath (http://localhost:49574/__cypress/runner/cypress_runner.js:149915:3)\n    at retry (http://localhost:49574/__cypress/runner/cypress_runner.js:144197:19)\n    at onFailFn (http://localhost:49574/__cypress/runner/cypress_runner.js:132448:16)\n    at tryCatcher (http://localhost:49574/__cypress/runner/cypress_runner.js:167415:23)\n    at Promise._settlePromiseFromHandler (http://localhost:49574/__cypress/runner/cypress_runner.js:165351:31)\n    at Promise._settlePromise (http://localhost:49574/__cypress/runner/cypress_runner.js:165408:18)\n    at Promise._settlePromise0 (http://localhost:49574/__cypress/runner/cypress_runner.js:165453:10)\n    at Promise._settlePromises (http://localhost:49574/__cypress/runner/cypress_runner.js:165528:18)\n    at Async../node_modules/bluebird/js/release/async.js.Async._drainQueue (http://localhost:49574/__cypress/runner/cypress_runner.js:162140:16)\n    at Async../node_modules/bluebird/js/release/async.js.Async._drainQueues (http://localhost:49574/__cypress/runner/cypress_runner.js:162150:10)\n    at Async.drainQueues (http://localhost:49574/__cypress/runner/cypress_runner.js:162024:14)",
                "diff": null
              },
              "uuid": "2a3e8b78-c63b-4c70-bf05-d13e6a84d21a",
              "parentUUID": "60b3cce3-807c-4c95-b0a5-245fd9e8edeb",
              "isHook": false,
              "skipped": false
            },
            {
              "title": "Verifica se cada cor individual da paleta de cores possui a `classe` chamada `color`.",
              "fullTitle": "2 - Adicione à página uma paleta de quatro cores distintas. Verifica se cada cor individual da paleta de cores possui a `classe` chamada `color`.",
              "timedOut": null,
              "duration": 4367,
              "state": "failed",
              "speed": null,
              "pass": false,
              "fail": true,
              "pending": false,
              "context": null,
              "code": "cy.get('.color').should('have.length', 4).then(function (colors) {\n  for (var i = 0; i < colors.length; i++) {\n    cy.wrap(colors[i]).should('be.visible');\n  }\n});",
              "err": {
                "message": "CypressError: Timed out retrying: Expected to find element: '.color', but never found it.",
                "estack": "CypressError: Timed out retrying: Expected to find element: '.color', but never found it.\n    at cypressErr (http://localhost:49574/__cypress/runner/cypress_runner.js:149934:9)\n    at throwErr (http://localhost:49574/__cypress/runner/cypress_runner.js:149867:11)\n    at Object.throwErrByPath (http://localhost:49574/__cypress/runner/cypress_runner.js:149915:3)\n    at retry (http://localhost:49574/__cypress/runner/cypress_runner.js:144197:19)\n    at onFailFn (http://localhost:49574/__cypress/runner/cypress_runner.js:132448:16)\n    at tryCatcher (http://localhost:49574/__cypress/runner/cypress_runner.js:167415:23)\n    at Promise._settlePromiseFromHandler (http://localhost:49574/__cypress/runner/cypress_runner.js:165351:31)\n    at Promise._settlePromise (http://localhost:49574/__cypress/runner/cypress_runner.js:165408:18)\n    at Promise._settlePromise0 (http://localhost:49574/__cypress/runner/cypress_runner.js:165453:10)\n    at Promise._settlePromises (http://localhost:49574/__cypress/runner/cypress_runner.js:165528:18)\n    at Async../node_modules/bluebird/js/release/async.js.Async._drainQueue (http://localhost:49574/__cypress/runner/cypress_runner.js:162140:16)\n    at Async../node_modules/bluebird/js/release/async.js.Async._drainQueues (http://localhost:49574/__cypress/runner/cypress_runner.js:162150:10)\n    at Async.drainQueues (http://localhost:49574/__cypress/runner/cypress_runner.js:162024:14)",
                "diff": null
              },
              "uuid": "6f8a5305-194f-4330-85c3-08e095ee777e",
              "parentUUID": "60b3cce3-807c-4c95-b0a5-245fd9e8edeb",
              "isHook": false,
              "skipped": false
            },
            {
              "title": "Verifica se a cor de fundo de cada elemento da paleta é a cor que o elemento representa. **A única cor não permitida na paleta é a cor branca.**",
              "fullTitle": "2 - Adicione à página uma paleta de quatro cores distintas. Verifica se a cor de fundo de cada elemento da paleta é a cor que o elemento representa. **A única cor não permitida na paleta é a cor branca.**",
              "timedOut": null,
              "duration": 4360,
              "state": "failed",
              "speed": null,
              "pass": false,
              "fail": true,
              "pending": false,
              "context": null,
              "code": "cy.get('.color').each(function (color) {\n  cy.wrap(color).should('have.class', 'color').and('not.have.css', 'background-color', WHITE);\n  cy.wrap(color).should('have.css', 'background-color');\n});",
              "err": {
                "message": "CypressError: Timed out retrying: Expected to find element: '.color', but never found it.",
                "estack": "CypressError: Timed out retrying: Expected to find element: '.color', but never found it.\n    at cypressErr (http://localhost:49574/__cypress/runner/cypress_runner.js:149934:9)\n    at throwErr (http://localhost:49574/__cypress/runner/cypress_runner.js:149867:11)\n    at Object.throwErrByPath (http://localhost:49574/__cypress/runner/cypress_runner.js:149915:3)\n    at retry (http://localhost:49574/__cypress/runner/cypress_runner.js:144197:19)\n    at onFailFn (http://localhost:49574/__cypress/runner/cypress_runner.js:132448:16)\n    at tryCatcher (http://localhost:49574/__cypress/runner/cypress_runner.js:167415:23)\n    at Promise._settlePromiseFromHandler (http://localhost:49574/__cypress/runner/cypress_runner.js:165351:31)\n    at Promise._settlePromise (http://localhost:49574/__cypress/runner/cypress_runner.js:165408:18)\n    at Promise._settlePromise0 (http://localhost:49574/__cypress/runner/cypress_runner.js:165453:10)\n    at Promise._settlePromises (http://localhost:49574/__cypress/runner/cypress_runner.js:165528:18)\n    at Async../node_modules/bluebird/js/release/async.js.Async._drainQueue (http://localhost:49574/__cypress/runner/cypress_runner.js:162140:16)\n    at Async../node_modules/bluebird/js/release/async.js.Async._drainQueues (http://localhost:49574/__cypress/runner/cypress_runner.js:162150:10)\n    at Async.drainQueues (http://localhost:49574/__cypress/runner/cypress_runner.js:162024:14)",
                "diff": null
              },
              "uuid": "4ae270d6-aea5-43d2-8d91-3a4e99c2ef95",
              "parentUUID": "60b3cce3-807c-4c95-b0a5-245fd9e8edeb",
              "isHook": false,
              "skipped": false
            },
            {
              "title": "Verifica se cada elemento da paleta de cores tem uma borda preta, sólida e com 1 pixel de largura;",
              "fullTitle": "2 - Adicione à página uma paleta de quatro cores distintas. Verifica se cada elemento da paleta de cores tem uma borda preta, sólida e com 1 pixel de largura;",
              "timedOut": null,
              "duration": 4334,
              "state": "failed",
              "speed": null,
              "pass": false,
              "fail": true,
              "pending": false,
              "context": null,
              "code": "cy.get('.color').each(function (color) {\n  cy.wrap(color).and('have.css', 'border', \"1px solid \".concat(BLACK)).and('have.class', 'color');\n});",
              "err": {
                "message": "CypressError: Timed out retrying: Expected to find element: '.color', but never found it.",
                "estack": "CypressError: Timed out retrying: Expected to find element: '.color', but never found it.\n    at cypressErr (http://localhost:49574/__cypress/runner/cypress_runner.js:149934:9)\n    at throwErr (http://localhost:49574/__cypress/runner/cypress_runner.js:149867:11)\n    at Object.throwErrByPath (http://localhost:49574/__cypress/runner/cypress_runner.js:149915:3)\n    at retry (http://localhost:49574/__cypress/runner/cypress_runner.js:144197:19)\n    at onFailFn (http://localhost:49574/__cypress/runner/cypress_runner.js:132448:16)\n    at tryCatcher (http://localhost:49574/__cypress/runner/cypress_runner.js:167415:23)\n    at Promise._settlePromiseFromHandler (http://localhost:49574/__cypress/runner/cypress_runner.js:165351:31)\n    at Promise._settlePromise (http://localhost:49574/__cypress/runner/cypress_runner.js:165408:18)\n    at Promise._settlePromise0 (http://localhost:49574/__cypress/runner/cypress_runner.js:165453:10)\n    at Promise._settlePromises (http://localhost:49574/__cypress/runner/cypress_runner.js:165528:18)\n    at Async../node_modules/bluebird/js/release/async.js.Async._drainQueue (http://localhost:49574/__cypress/runner/cypress_runner.js:162140:16)\n    at Async../node_modules/bluebird/js/release/async.js.Async._drainQueues (http://localhost:49574/__cypress/runner/cypress_runner.js:162150:10)\n    at Async.drainQueues (http://localhost:49574/__cypress/runner/cypress_runner.js:162024:14)",
                "diff": null
              },
              "uuid": "679d285b-6bf3-48b9-b101-c9b02e6d2daa",
              "parentUUID": "60b3cce3-807c-4c95-b0a5-245fd9e8edeb",
              "isHook": false,
              "skipped": false
            },
            {
              "title": "Verifica se a paleta lista todas as cores disponíveis para utilização, lado a lado.",
              "fullTitle": "2 - Adicione à página uma paleta de quatro cores distintas. Verifica se a paleta lista todas as cores disponíveis para utilização, lado a lado.",
              "timedOut": null,
              "duration": 4374,
              "state": "failed",
              "speed": null,
              "pass": false,
              "fail": true,
              "pending": false,
              "context": null,
              "code": "cy.get('.color').then(function (colors) {\n  for (var index = 1; index < colors.length; index += 1) {\n    var currentColor = colors[index];\n    var previousColor = colors[index - 1];\n    cy.wrap(currentColor).should('be.onTheRightOf', previousColor).and('be.horizontallyAlignedWith', previousColor);\n  }\n});",
              "err": {
                "message": "CypressError: Timed out retrying: Expected to find element: '.color', but never found it.",
                "estack": "CypressError: Timed out retrying: Expected to find element: '.color', but never found it.\n    at cypressErr (http://localhost:49574/__cypress/runner/cypress_runner.js:149934:9)\n    at throwErr (http://localhost:49574/__cypress/runner/cypress_runner.js:149867:11)\n    at Object.throwErrByPath (http://localhost:49574/__cypress/runner/cypress_runner.js:149915:3)\n    at retry (http://localhost:49574/__cypress/runner/cypress_runner.js:144197:19)\n    at onFailFn (http://localhost:49574/__cypress/runner/cypress_runner.js:132448:16)\n    at tryCatcher (http://localhost:49574/__cypress/runner/cypress_runner.js:167415:23)\n    at Promise._settlePromiseFromHandler (http://localhost:49574/__cypress/runner/cypress_runner.js:165351:31)\n    at Promise._settlePromise (http://localhost:49574/__cypress/runner/cypress_runner.js:165408:18)\n    at Promise._settlePromise0 (http://localhost:49574/__cypress/runner/cypress_runner.js:165453:10)\n    at Promise._settlePromises (http://localhost:49574/__cypress/runner/cypress_runner.js:165528:18)\n    at Async../node_modules/bluebird/js/release/async.js.Async._drainQueue (http://localhost:49574/__cypress/runner/cypress_runner.js:162140:16)\n    at Async../node_modules/bluebird/js/release/async.js.Async._drainQueues (http://localhost:49574/__cypress/runner/cypress_runner.js:162150:10)\n    at Async.drainQueues (http://localhost:49574/__cypress/runner/cypress_runner.js:162024:14)",
                "diff": null
              },
              "uuid": "6083c299-8a69-49c3-9b6e-717a1f7e8403",
              "parentUUID": "60b3cce3-807c-4c95-b0a5-245fd9e8edeb",
              "isHook": false,
              "skipped": false
            },
            {
              "title": "Verifica se a paleta de cores está posicionada abaixo do título 'Paleta de Cores'",
              "fullTitle": "2 - Adicione à página uma paleta de quatro cores distintas. Verifica se a paleta de cores está posicionada abaixo do título 'Paleta de Cores'",
              "timedOut": null,
              "duration": 4388,
              "state": "failed",
              "speed": null,
              "pass": false,
              "fail": true,
              "pending": false,
              "context": null,
              "code": "cy.get('h1#title').then(function (title) {\n  cy.get('#color-palette').should('be.belowOf', title);\n});",
              "err": {
                "message": "CypressError: Timed out retrying: Expected to find element: '#color-palette', but never found it.",
                "estack": "CypressError: Timed out retrying: Expected to find element: '#color-palette', but never found it.\n    at cypressErr (http://localhost:49574/__cypress/runner/cypress_runner.js:149934:9)\n    at throwErr (http://localhost:49574/__cypress/runner/cypress_runner.js:149867:11)\n    at Object.throwErrByPath (http://localhost:49574/__cypress/runner/cypress_runner.js:149915:3)\n    at retry (http://localhost:49574/__cypress/runner/cypress_runner.js:144197:19)\n    at onFailFn (http://localhost:49574/__cypress/runner/cypress_runner.js:132448:16)\n    at tryCatcher (http://localhost:49574/__cypress/runner/cypress_runner.js:167415:23)\n    at Promise._settlePromiseFromHandler (http://localhost:49574/__cypress/runner/cypress_runner.js:165351:31)\n    at Promise._settlePromise (http://localhost:49574/__cypress/runner/cypress_runner.js:165408:18)\n    at Promise._settlePromise0 (http://localhost:49574/__cypress/runner/cypress_runner.js:165453:10)\n    at Promise._settlePromises (http://localhost:49574/__cypress/runner/cypress_runner.js:165528:18)\n    at Async../node_modules/bluebird/js/release/async.js.Async._drainQueue (http://localhost:49574/__cypress/runner/cypress_runner.js:162140:16)\n    at Async../node_modules/bluebird/js/release/async.js.Async._drainQueues (http://localhost:49574/__cypress/runner/cypress_runner.js:162150:10)\n    at Async.drainQueues (http://localhost:49574/__cypress/runner/cypress_runner.js:162024:14)",
                "diff": null
              },
              "uuid": "e3315368-59d7-463f-802b-644dbf3d22e4",
              "parentUUID": "60b3cce3-807c-4c95-b0a5-245fd9e8edeb",
              "isHook": false,
              "skipped": false
            },
            {
              "title": "Verifica se a paleta de cores não contém cores repetidas.",
              "fullTitle": "2 - Adicione à página uma paleta de quatro cores distintas. Verifica se a paleta de cores não contém cores repetidas.",
              "timedOut": null,
              "duration": 4375,
              "state": "failed",
              "speed": null,
              "pass": false,
              "fail": true,
              "pending": false,
              "context": null,
              "code": "cy.get('.color').then(function (colors) {\n  var allColors = Array.from(colors).map(function (color) {\n    return Cypress.$(color).css('background-color');\n  });\n  cy.log(allColors);\n  var uniqColors = (0, _toConsumableArray2[\"default\"])(new Set(allColors));\n  cy.log(uniqColors);\n  expect(allColors.length).to.eq(uniqColors.length);\n});",
              "err": {
                "message": "CypressError: Timed out retrying: Expected to find element: '.color', but never found it.",
                "estack": "CypressError: Timed out retrying: Expected to find element: '.color', but never found it.\n    at cypressErr (http://localhost:49574/__cypress/runner/cypress_runner.js:149934:9)\n    at throwErr (http://localhost:49574/__cypress/runner/cypress_runner.js:149867:11)\n    at Object.throwErrByPath (http://localhost:49574/__cypress/runner/cypress_runner.js:149915:3)\n    at retry (http://localhost:49574/__cypress/runner/cypress_runner.js:144197:19)\n    at onFailFn (http://localhost:49574/__cypress/runner/cypress_runner.js:132448:16)\n    at tryCatcher (http://localhost:49574/__cypress/runner/cypress_runner.js:167415:23)\n    at Promise._settlePromiseFromHandler (http://localhost:49574/__cypress/runner/cypress_runner.js:165351:31)\n    at Promise._settlePromise (http://localhost:49574/__cypress/runner/cypress_runner.js:165408:18)\n    at Promise._settlePromise0 (http://localhost:49574/__cypress/runner/cypress_runner.js:165453:10)\n    at Promise._settlePromises (http://localhost:49574/__cypress/runner/cypress_runner.js:165528:18)\n    at Async../node_modules/bluebird/js/release/async.js.Async._drainQueue (http://localhost:49574/__cypress/runner/cypress_runner.js:162140:16)\n    at Async../node_modules/bluebird/js/release/async.js.Async._drainQueues (http://localhost:49574/__cypress/runner/cypress_runner.js:162150:10)\n    at Async.drainQueues (http://localhost:49574/__cypress/runner/cypress_runner.js:162024:14)",
                "diff": null
              },
              "uuid": "62d6b6ee-6707-4bb7-948e-fa14f63cbf40",
              "parentUUID": "60b3cce3-807c-4c95-b0a5-245fd9e8edeb",
              "isHook": false,
              "skipped": false
            }
          ],
          "suites": [],
          "passes": [],
          "failures": [
            "2a3e8b78-c63b-4c70-bf05-d13e6a84d21a",
            "6f8a5305-194f-4330-85c3-08e095ee777e",
            "4ae270d6-aea5-43d2-8d91-3a4e99c2ef95",
            "679d285b-6bf3-48b9-b101-c9b02e6d2daa",
            "6083c299-8a69-49c3-9b6e-717a1f7e8403",
            "e3315368-59d7-463f-802b-644dbf3d22e4",
            "62d6b6ee-6707-4bb7-948e-fa14f63cbf40"
          ],
          "pending": [],
          "skipped": [],
          "duration": 30550,
          "root": false,
          "rootEmpty": false,
          "_timeout": 2000
        },
        {
          "uuid": "6e8e7cee-deb9-442d-ba6b-113a1a615ab7",
          "title": "3 - Adicione a cor **preta** como a primeira cor da paleta de cores.",
          "fullFile": "",
          "file": "",
          "beforeHooks": [],
          "afterHooks": [],
          "tests": [
            {
              "title": "Verifica se a primeira cor da paleta é preta",
              "fullTitle": "3 - Adicione a cor **preta** como a primeira cor da paleta de cores. Verifica se a primeira cor da paleta é preta",
              "timedOut": null,
              "duration": 4369,
              "state": "failed",
              "speed": null,
              "pass": false,
              "fail": true,
              "pending": false,
              "context": null,
              "code": "cy.get('.color').first().should('have.css', 'background-color', BLACK);",
              "err": {
                "message": "CypressError: Timed out retrying: Expected to find element: '.color', but never found it.",
                "estack": "CypressError: Timed out retrying: Expected to find element: '.color', but never found it.\n    at cypressErr (http://localhost:49574/__cypress/runner/cypress_runner.js:149934:9)\n    at throwErr (http://localhost:49574/__cypress/runner/cypress_runner.js:149867:11)\n    at Object.throwErrByPath (http://localhost:49574/__cypress/runner/cypress_runner.js:149915:3)\n    at retry (http://localhost:49574/__cypress/runner/cypress_runner.js:144197:19)\n    at onFailFn (http://localhost:49574/__cypress/runner/cypress_runner.js:132448:16)\n    at tryCatcher (http://localhost:49574/__cypress/runner/cypress_runner.js:167415:23)\n    at Promise._settlePromiseFromHandler (http://localhost:49574/__cypress/runner/cypress_runner.js:165351:31)\n    at Promise._settlePromise (http://localhost:49574/__cypress/runner/cypress_runner.js:165408:18)\n    at Promise._settlePromise0 (http://localhost:49574/__cypress/runner/cypress_runner.js:165453:10)\n    at Promise._settlePromises (http://localhost:49574/__cypress/runner/cypress_runner.js:165528:18)\n    at Async../node_modules/bluebird/js/release/async.js.Async._drainQueue (http://localhost:49574/__cypress/runner/cypress_runner.js:162140:16)\n    at Async../node_modules/bluebird/js/release/async.js.Async._drainQueues (http://localhost:49574/__cypress/runner/cypress_runner.js:162150:10)\n    at Async.drainQueues (http://localhost:49574/__cypress/runner/cypress_runner.js:162024:14)",
                "diff": null
              },
              "uuid": "6abdbf37-c086-4689-a24b-aa0db3e93152",
              "parentUUID": "6e8e7cee-deb9-442d-ba6b-113a1a615ab7",
              "isHook": false,
              "skipped": false
            },
            {
              "title": "Verifica se as demais cores podem ser escolhidas livremente.",
              "fullTitle": "3 - Adicione a cor **preta** como a primeira cor da paleta de cores. Verifica se as demais cores podem ser escolhidas livremente.",
              "timedOut": null,
              "duration": 4396,
              "state": "failed",
              "speed": null,
              "pass": false,
              "fail": true,
              "pending": false,
              "context": null,
              "code": "cy.get('.color').eq(1).should('not.have.css', 'background-color', BLACK);\ncy.get('.color').eq(1).should('not.have.css', 'background-color', WHITE);\ncy.get('.color').eq(1).should('not.have.css', 'background-color', 'rgba(0, 0, 0, 0)');\ncy.get('.color').eq(1).should('have.css', 'background-color');\ncy.get('.color').eq(2).should('not.have.css', 'background-color', BLACK);\ncy.get('.color').eq(2).should('not.have.css', 'background-color', WHITE);\ncy.get('.color').eq(2).should('not.have.css', 'background-color', 'rgba(0, 0, 0, 0)');\ncy.get('.color').eq(2).should('have.css', 'background-color');\ncy.get('.color').eq(3).should('not.have.css', 'background-color', BLACK);\ncy.get('.color').eq(3).should('not.have.css', 'background-color', WHITE);\ncy.get('.color').eq(3).should('not.have.css', 'background-color', 'rgba(0, 0, 0, 0)');\ncy.get('.color').eq(3).should('have.css', 'background-color');",
              "err": {
                "message": "CypressError: Timed out retrying: Expected to find element: '.color', but never found it.",
                "estack": "CypressError: Timed out retrying: Expected to find element: '.color', but never found it.\n    at cypressErr (http://localhost:49574/__cypress/runner/cypress_runner.js:149934:9)\n    at throwErr (http://localhost:49574/__cypress/runner/cypress_runner.js:149867:11)\n    at Object.throwErrByPath (http://localhost:49574/__cypress/runner/cypress_runner.js:149915:3)\n    at retry (http://localhost:49574/__cypress/runner/cypress_runner.js:144197:19)\n    at onFailFn (http://localhost:49574/__cypress/runner/cypress_runner.js:132448:16)\n    at tryCatcher (http://localhost:49574/__cypress/runner/cypress_runner.js:167415:23)\n    at Promise._settlePromiseFromHandler (http://localhost:49574/__cypress/runner/cypress_runner.js:165351:31)\n    at Promise._settlePromise (http://localhost:49574/__cypress/runner/cypress_runner.js:165408:18)\n    at Promise._settlePromise0 (http://localhost:49574/__cypress/runner/cypress_runner.js:165453:10)\n    at Promise._settlePromises (http://localhost:49574/__cypress/runner/cypress_runner.js:165528:18)\n    at Async../node_modules/bluebird/js/release/async.js.Async._drainQueue (http://localhost:49574/__cypress/runner/cypress_runner.js:162140:16)\n    at Async../node_modules/bluebird/js/release/async.js.Async._drainQueues (http://localhost:49574/__cypress/runner/cypress_runner.js:162150:10)\n    at Async.drainQueues (http://localhost:49574/__cypress/runner/cypress_runner.js:162024:14)",
                "diff": null
              },
              "uuid": "ae949bc5-fff2-4107-bbad-ca473dfa9fdd",
              "parentUUID": "6e8e7cee-deb9-442d-ba6b-113a1a615ab7",
              "isHook": false,
              "skipped": false
            }
          ],
          "suites": [],
          "passes": [],
          "failures": [
            "6abdbf37-c086-4689-a24b-aa0db3e93152",
            "ae949bc5-fff2-4107-bbad-ca473dfa9fdd"
          ],
          "pending": [],
          "skipped": [],
          "duration": 8765,
          "root": false,
          "rootEmpty": false,
          "_timeout": 2000
        },
        {
          "uuid": "ea453148-3e54-4cfd-a424-7ff45e33bd33",
          "title": "4 - Adicione à página um quadro de pixels, com 25 pixels.",
          "fullFile": "",
          "file": "",
          "beforeHooks": [],
          "afterHooks": [],
          "tests": [
            {
              "title": "Verifica se o quadro de pixels possui o `id` denominado `pixel-board`",
              "fullTitle": "4 - Adicione à página um quadro de pixels, com 25 pixels. Verifica se o quadro de pixels possui o `id` denominado `pixel-board`",
              "timedOut": null,
              "duration": 4379,
              "state": "failed",
              "speed": null,
              "pass": false,
              "fail": true,
              "pending": false,
              "context": null,
              "code": "cy.get('#pixel-board').should('be.visible');",
              "err": {
                "message": "CypressError: Timed out retrying: Expected to find element: '#pixel-board', but never found it.",
                "estack": "CypressError: Timed out retrying: Expected to find element: '#pixel-board', but never found it.\n    at cypressErr (http://localhost:49574/__cypress/runner/cypress_runner.js:149934:9)\n    at throwErr (http://localhost:49574/__cypress/runner/cypress_runner.js:149867:11)\n    at Object.throwErrByPath (http://localhost:49574/__cypress/runner/cypress_runner.js:149915:3)\n    at retry (http://localhost:49574/__cypress/runner/cypress_runner.js:144197:19)\n    at onFailFn (http://localhost:49574/__cypress/runner/cypress_runner.js:132448:16)\n    at tryCatcher (http://localhost:49574/__cypress/runner/cypress_runner.js:167415:23)\n    at Promise._settlePromiseFromHandler (http://localhost:49574/__cypress/runner/cypress_runner.js:165351:31)\n    at Promise._settlePromise (http://localhost:49574/__cypress/runner/cypress_runner.js:165408:18)\n    at Promise._settlePromise0 (http://localhost:49574/__cypress/runner/cypress_runner.js:165453:10)\n    at Promise._settlePromises (http://localhost:49574/__cypress/runner/cypress_runner.js:165528:18)\n    at Async../node_modules/bluebird/js/release/async.js.Async._drainQueue (http://localhost:49574/__cypress/runner/cypress_runner.js:162140:16)\n    at Async../node_modules/bluebird/js/release/async.js.Async._drainQueues (http://localhost:49574/__cypress/runner/cypress_runner.js:162150:10)\n    at Async.drainQueues (http://localhost:49574/__cypress/runner/cypress_runner.js:162024:14)",
                "diff": null
              },
              "uuid": "fa854736-1236-47af-b2e1-df6bce812501",
              "parentUUID": "ea453148-3e54-4cfd-a424-7ff45e33bd33",
              "isHook": false,
              "skipped": false
            },
            {
              "title": "Verifica se cada pixel individual dentro do quadro possui a `classe` denominada `pixel`.",
              "fullTitle": "4 - Adicione à página um quadro de pixels, com 25 pixels. Verifica se cada pixel individual dentro do quadro possui a `classe` denominada `pixel`.",
              "timedOut": null,
              "duration": 4372,
              "state": "failed",
              "speed": null,
              "pass": false,
              "fail": true,
              "pending": false,
              "context": null,
              "code": "cy.get('.pixel').should('have.length', 25);",
              "err": {
                "message": "CypressError: Timed out retrying: Expected to find element: '.pixel', but never found it.",
                "estack": "CypressError: Timed out retrying: Expected to find element: '.pixel', but never found it.\n    at cypressErr (http://localhost:49574/__cypress/runner/cypress_runner.js:149934:9)\n    at throwErr (http://localhost:49574/__cypress/runner/cypress_runner.js:149867:11)\n    at Object.throwErrByPath (http://localhost:49574/__cypress/runner/cypress_runner.js:149915:3)\n    at retry (http://localhost:49574/__cypress/runner/cypress_runner.js:144197:19)\n    at onFailFn (http://localhost:49574/__cypress/runner/cypress_runner.js:132448:16)\n    at tryCatcher (http://localhost:49574/__cypress/runner/cypress_runner.js:167415:23)\n    at Promise._settlePromiseFromHandler (http://localhost:49574/__cypress/runner/cypress_runner.js:165351:31)\n    at Promise._settlePromise (http://localhost:49574/__cypress/runner/cypress_runner.js:165408:18)\n    at Promise._settlePromise0 (http://localhost:49574/__cypress/runner/cypress_runner.js:165453:10)\n    at Promise._settlePromises (http://localhost:49574/__cypress/runner/cypress_runner.js:165528:18)\n    at Async../node_modules/bluebird/js/release/async.js.Async._drainQueue (http://localhost:49574/__cypress/runner/cypress_runner.js:162140:16)\n    at Async../node_modules/bluebird/js/release/async.js.Async._drainQueues (http://localhost:49574/__cypress/runner/cypress_runner.js:162150:10)\n    at Async.drainQueues (http://localhost:49574/__cypress/runner/cypress_runner.js:162024:14)",
                "diff": null
              },
              "uuid": "0b521000-17e8-4db2-bad5-4da31d799a9d",
              "parentUUID": "ea453148-3e54-4cfd-a424-7ff45e33bd33",
              "isHook": false,
              "skipped": false
            },
            {
              "title": "Verifica se a cor inicial dos pixels dentro do quadro, ao abrir a página, é branca.",
              "fullTitle": "4 - Adicione à página um quadro de pixels, com 25 pixels. Verifica se a cor inicial dos pixels dentro do quadro, ao abrir a página, é branca.",
              "timedOut": null,
              "duration": 4378,
              "state": "failed",
              "speed": null,
              "pass": false,
              "fail": true,
              "pending": false,
              "context": null,
              "code": "cy.get('.pixel').should('have.length', 25).each(function (pixel) {\n  expect(pixel).to.have.css('background-color', WHITE);\n});",
              "err": {
                "message": "CypressError: Timed out retrying: Expected to find element: '.pixel', but never found it.",
                "estack": "CypressError: Timed out retrying: Expected to find element: '.pixel', but never found it.\n    at cypressErr (http://localhost:49574/__cypress/runner/cypress_runner.js:149934:9)\n    at throwErr (http://localhost:49574/__cypress/runner/cypress_runner.js:149867:11)\n    at Object.throwErrByPath (http://localhost:49574/__cypress/runner/cypress_runner.js:149915:3)\n    at retry (http://localhost:49574/__cypress/runner/cypress_runner.js:144197:19)\n    at onFailFn (http://localhost:49574/__cypress/runner/cypress_runner.js:132448:16)\n    at tryCatcher (http://localhost:49574/__cypress/runner/cypress_runner.js:167415:23)\n    at Promise._settlePromiseFromHandler (http://localhost:49574/__cypress/runner/cypress_runner.js:165351:31)\n    at Promise._settlePromise (http://localhost:49574/__cypress/runner/cypress_runner.js:165408:18)\n    at Promise._settlePromise0 (http://localhost:49574/__cypress/runner/cypress_runner.js:165453:10)\n    at Promise._settlePromises (http://localhost:49574/__cypress/runner/cypress_runner.js:165528:18)\n    at Async../node_modules/bluebird/js/release/async.js.Async._drainQueue (http://localhost:49574/__cypress/runner/cypress_runner.js:162140:16)\n    at Async../node_modules/bluebird/js/release/async.js.Async._drainQueues (http://localhost:49574/__cypress/runner/cypress_runner.js:162150:10)\n    at Async.drainQueues (http://localhost:49574/__cypress/runner/cypress_runner.js:162024:14)",
                "diff": null
              },
              "uuid": "74544e0c-9401-4237-b5ee-15209b097a98",
              "parentUUID": "ea453148-3e54-4cfd-a424-7ff45e33bd33",
              "isHook": false,
              "skipped": false
            },
            {
              "title": "Verifica se o quadro de pixels aparece abaixo da paleta de cores",
              "fullTitle": "4 - Adicione à página um quadro de pixels, com 25 pixels. Verifica se o quadro de pixels aparece abaixo da paleta de cores",
              "timedOut": null,
              "duration": 4373,
              "state": "failed",
              "speed": null,
              "pass": false,
              "fail": true,
              "pending": false,
              "context": null,
              "code": "cy.get('#color-palette').then(function (palette) {\n  cy.get('#pixel-board').should('be.belowOf', palette);\n});",
              "err": {
                "message": "CypressError: Timed out retrying: Expected to find element: '#color-palette', but never found it.",
                "estack": "CypressError: Timed out retrying: Expected to find element: '#color-palette', but never found it.\n    at cypressErr (http://localhost:49574/__cypress/runner/cypress_runner.js:149934:9)\n    at throwErr (http://localhost:49574/__cypress/runner/cypress_runner.js:149867:11)\n    at Object.throwErrByPath (http://localhost:49574/__cypress/runner/cypress_runner.js:149915:3)\n    at retry (http://localhost:49574/__cypress/runner/cypress_runner.js:144197:19)\n    at onFailFn (http://localhost:49574/__cypress/runner/cypress_runner.js:132448:16)\n    at tryCatcher (http://localhost:49574/__cypress/runner/cypress_runner.js:167415:23)\n    at Promise._settlePromiseFromHandler (http://localhost:49574/__cypress/runner/cypress_runner.js:165351:31)\n    at Promise._settlePromise (http://localhost:49574/__cypress/runner/cypress_runner.js:165408:18)\n    at Promise._settlePromise0 (http://localhost:49574/__cypress/runner/cypress_runner.js:165453:10)\n    at Promise._settlePromises (http://localhost:49574/__cypress/runner/cypress_runner.js:165528:18)\n    at Async../node_modules/bluebird/js/release/async.js.Async._drainQueue (http://localhost:49574/__cypress/runner/cypress_runner.js:162140:16)\n    at Async../node_modules/bluebird/js/release/async.js.Async._drainQueues (http://localhost:49574/__cypress/runner/cypress_runner.js:162150:10)\n    at Async.drainQueues (http://localhost:49574/__cypress/runner/cypress_runner.js:162024:14)",
                "diff": null
              },
              "uuid": "12a70dd9-ccec-48db-96f2-0bfe132366b4",
              "parentUUID": "ea453148-3e54-4cfd-a424-7ff45e33bd33",
              "isHook": false,
              "skipped": false
            }
          ],
          "suites": [],
          "passes": [],
          "failures": [
            "fa854736-1236-47af-b2e1-df6bce812501",
            "0b521000-17e8-4db2-bad5-4da31d799a9d",
            "74544e0c-9401-4237-b5ee-15209b097a98",
            "12a70dd9-ccec-48db-96f2-0bfe132366b4"
          ],
          "pending": [],
          "skipped": [],
          "duration": 17502,
          "root": false,
          "rootEmpty": false,
          "_timeout": 2000
        },
        {
          "uuid": "f9fde787-104b-4280-9fda-d224a0c1a9ca",
          "title": "5 - Faça com que cada elemento do quadro de pixels possua 40 pixels de largura, 40 pixels de altura e seja delimitado por uma borda preta de 1 pixel.",
          "fullFile": "",
          "file": "",
          "beforeHooks": [],
          "afterHooks": [],
          "tests": [
            {
              "title": "Verifica se o quadro de pixels tem altura e comprimento de 5 elementos",
              "fullTitle": "5 - Faça com que cada elemento do quadro de pixels possua 40 pixels de largura, 40 pixels de altura e seja delimitado por uma borda preta de 1 pixel. Verifica se o quadro de pixels tem altura e comprimento de 5 elementos",
              "timedOut": null,
              "duration": 4373,
              "state": "failed",
              "speed": null,
              "pass": false,
              "fail": true,
              "pending": false,
              "context": null,
              "code": "cy.get('.pixel').should('have.length', 25).each(function (pixel) {\n  expect(pixel).to.have.css('background-color', WHITE);\n}).and(function (pixels) {\n  var rows = chunk(pixels, 5);\n  rows.forEach(function (row) {\n    for (var index = 1; index < row.length; index += 1) {\n      var current = pixels[index];\n      var previous = pixels[index - 1];\n      cy.wrap(current).should('be.onTheRightOf', previous).and('be.horizontallyAlignedWith', previous);\n    }\n  });\n  for (var index = 1; index < 5; index += 1) {\n    expect(pixels[index * 5]).to.be.belowOf(pixels[(index - 1) * 5]);\n  }\n});",
              "err": {
                "message": "CypressError: Timed out retrying: Expected to find element: '.pixel', but never found it.",
                "estack": "CypressError: Timed out retrying: Expected to find element: '.pixel', but never found it.\n    at cypressErr (http://localhost:49574/__cypress/runner/cypress_runner.js:149934:9)\n    at throwErr (http://localhost:49574/__cypress/runner/cypress_runner.js:149867:11)\n    at Object.throwErrByPath (http://localhost:49574/__cypress/runner/cypress_runner.js:149915:3)\n    at retry (http://localhost:49574/__cypress/runner/cypress_runner.js:144197:19)\n    at onFailFn (http://localhost:49574/__cypress/runner/cypress_runner.js:132448:16)\n    at tryCatcher (http://localhost:49574/__cypress/runner/cypress_runner.js:167415:23)\n    at Promise._settlePromiseFromHandler (http://localhost:49574/__cypress/runner/cypress_runner.js:165351:31)\n    at Promise._settlePromise (http://localhost:49574/__cypress/runner/cypress_runner.js:165408:18)\n    at Promise._settlePromise0 (http://localhost:49574/__cypress/runner/cypress_runner.js:165453:10)\n    at Promise._settlePromises (http://localhost:49574/__cypress/runner/cypress_runner.js:165528:18)\n    at Async../node_modules/bluebird/js/release/async.js.Async._drainQueue (http://localhost:49574/__cypress/runner/cypress_runner.js:162140:16)\n    at Async../node_modules/bluebird/js/release/async.js.Async._drainQueues (http://localhost:49574/__cypress/runner/cypress_runner.js:162150:10)\n    at Async.drainQueues (http://localhost:49574/__cypress/runner/cypress_runner.js:162024:14)",
                "diff": null
              },
              "uuid": "4a0a2997-c79e-41ef-84d7-c711ae547e0f",
              "parentUUID": "f9fde787-104b-4280-9fda-d224a0c1a9ca",
              "isHook": false,
              "skipped": false
            },
            {
              "title": "Verifica se 40 pixels é o tamanho total do elemento, incluindo seu conteúdo e excluindo a borda preta, que deve ser criada à parte.",
              "fullTitle": "5 - Faça com que cada elemento do quadro de pixels possua 40 pixels de largura, 40 pixels de altura e seja delimitado por uma borda preta de 1 pixel. Verifica se 40 pixels é o tamanho total do elemento, incluindo seu conteúdo e excluindo a borda preta, que deve ser criada à parte.",
              "timedOut": null,
              "duration": 4348,
              "state": "failed",
              "speed": null,
              "pass": false,
              "fail": true,
              "pending": false,
              "context": null,
              "code": "cy.get('.pixel').each(function (pixel) {\n  cy.wrap(pixel).should('have.css', 'height', '40px').and('have.css', 'width', '40px').and('have.css', 'border', \"1px solid \".concat(BLACK));\n});",
              "err": {
                "message": "CypressError: Timed out retrying: Expected to find element: '.pixel', but never found it.",
                "estack": "CypressError: Timed out retrying: Expected to find element: '.pixel', but never found it.\n    at cypressErr (http://localhost:49574/__cypress/runner/cypress_runner.js:149934:9)\n    at throwErr (http://localhost:49574/__cypress/runner/cypress_runner.js:149867:11)\n    at Object.throwErrByPath (http://localhost:49574/__cypress/runner/cypress_runner.js:149915:3)\n    at retry (http://localhost:49574/__cypress/runner/cypress_runner.js:144197:19)\n    at onFailFn (http://localhost:49574/__cypress/runner/cypress_runner.js:132448:16)\n    at tryCatcher (http://localhost:49574/__cypress/runner/cypress_runner.js:167415:23)\n    at Promise._settlePromiseFromHandler (http://localhost:49574/__cypress/runner/cypress_runner.js:165351:31)\n    at Promise._settlePromise (http://localhost:49574/__cypress/runner/cypress_runner.js:165408:18)\n    at Promise._settlePromise0 (http://localhost:49574/__cypress/runner/cypress_runner.js:165453:10)\n    at Promise._settlePromises (http://localhost:49574/__cypress/runner/cypress_runner.js:165528:18)\n    at Async../node_modules/bluebird/js/release/async.js.Async._drainQueue (http://localhost:49574/__cypress/runner/cypress_runner.js:162140:16)\n    at Async../node_modules/bluebird/js/release/async.js.Async._drainQueues (http://localhost:49574/__cypress/runner/cypress_runner.js:162150:10)\n    at Async.drainQueues (http://localhost:49574/__cypress/runner/cypress_runner.js:162024:14)",
                "diff": null
              },
              "uuid": "4a74733d-b78f-4280-94ce-ecb2c6a78a2b",
              "parentUUID": "f9fde787-104b-4280-9fda-d224a0c1a9ca",
              "isHook": false,
              "skipped": false
            }
          ],
          "suites": [],
          "passes": [],
          "failures": [
            "4a0a2997-c79e-41ef-84d7-c711ae547e0f",
            "4a74733d-b78f-4280-94ce-ecb2c6a78a2b"
          ],
          "pending": [],
          "skipped": [],
          "duration": 8721,
          "root": false,
          "rootEmpty": false,
          "_timeout": 2000
        },
        {
          "uuid": "fbcad4b1-deee-45b4-8fef-be70c252f368",
          "title": "6 - Defina a cor preta como cor inicial. Ao carregar a página a cor preta já deve estar selecionada para pintar os pixels",
          "fullFile": "",
          "file": "",
          "beforeHooks": [],
          "afterHooks": [],
          "tests": [
            {
              "title": "Verifica se o elemento da cor preta possui, inicialmente, a `classe` `selected`",
              "fullTitle": "6 - Defina a cor preta como cor inicial. Ao carregar a página a cor preta já deve estar selecionada para pintar os pixels Verifica se o elemento da cor preta possui, inicialmente, a `classe` `selected`",
              "timedOut": null,
              "duration": 4389,
              "state": "failed",
              "speed": null,
              "pass": false,
              "fail": true,
              "pending": false,
              "context": null,
              "code": "cy.get('.selected').first().should('have.css', 'background-color', BLACK);",
              "err": {
                "message": "CypressError: Timed out retrying: Expected to find element: '.selected', but never found it.",
                "estack": "CypressError: Timed out retrying: Expected to find element: '.selected', but never found it.\n    at cypressErr (http://localhost:49574/__cypress/runner/cypress_runner.js:149934:9)\n    at throwErr (http://localhost:49574/__cypress/runner/cypress_runner.js:149867:11)\n    at Object.throwErrByPath (http://localhost:49574/__cypress/runner/cypress_runner.js:149915:3)\n    at retry (http://localhost:49574/__cypress/runner/cypress_runner.js:144197:19)\n    at onFailFn (http://localhost:49574/__cypress/runner/cypress_runner.js:132448:16)\n    at tryCatcher (http://localhost:49574/__cypress/runner/cypress_runner.js:167415:23)\n    at Promise._settlePromiseFromHandler (http://localhost:49574/__cypress/runner/cypress_runner.js:165351:31)\n    at Promise._settlePromise (http://localhost:49574/__cypress/runner/cypress_runner.js:165408:18)\n    at Promise._settlePromise0 (http://localhost:49574/__cypress/runner/cypress_runner.js:165453:10)\n    at Promise._settlePromises (http://localhost:49574/__cypress/runner/cypress_runner.js:165528:18)\n    at Async../node_modules/bluebird/js/release/async.js.Async._drainQueue (http://localhost:49574/__cypress/runner/cypress_runner.js:162140:16)\n    at Async../node_modules/bluebird/js/release/async.js.Async._drainQueues (http://localhost:49574/__cypress/runner/cypress_runner.js:162150:10)\n    at Async.drainQueues (http://localhost:49574/__cypress/runner/cypress_runner.js:162024:14)",
                "diff": null
              },
              "uuid": "de31423a-c3c8-426f-ac11-a573bfb6b19c",
              "parentUUID": "fbcad4b1-deee-45b4-8fef-be70c252f368",
              "isHook": false,
              "skipped": false
            },
            {
              "title": "Verifica se nenhuma outra cor da paleta tem a `classe` `selected`",
              "fullTitle": "6 - Defina a cor preta como cor inicial. Ao carregar a página a cor preta já deve estar selecionada para pintar os pixels Verifica se nenhuma outra cor da paleta tem a `classe` `selected`",
              "timedOut": null,
              "duration": 4355,
              "state": "failed",
              "speed": null,
              "pass": false,
              "fail": true,
              "pending": false,
              "context": null,
              "code": "cy.get('.color:not(:first-child)').each(function (color) {\n  cy.wrap(color).should('not.have.class', 'selected');\n});",
              "err": {
                "message": "CypressError: Timed out retrying: Expected to find element: '.color:not(:first-child)', but never found it.",
                "estack": "CypressError: Timed out retrying: Expected to find element: '.color:not(:first-child)', but never found it.\n    at cypressErr (http://localhost:49574/__cypress/runner/cypress_runner.js:149934:9)\n    at throwErr (http://localhost:49574/__cypress/runner/cypress_runner.js:149867:11)\n    at Object.throwErrByPath (http://localhost:49574/__cypress/runner/cypress_runner.js:149915:3)\n    at retry (http://localhost:49574/__cypress/runner/cypress_runner.js:144197:19)\n    at onFailFn (http://localhost:49574/__cypress/runner/cypress_runner.js:132448:16)\n    at tryCatcher (http://localhost:49574/__cypress/runner/cypress_runner.js:167415:23)\n    at Promise._settlePromiseFromHandler (http://localhost:49574/__cypress/runner/cypress_runner.js:165351:31)\n    at Promise._settlePromise (http://localhost:49574/__cypress/runner/cypress_runner.js:165408:18)\n    at Promise._settlePromise0 (http://localhost:49574/__cypress/runner/cypress_runner.js:165453:10)\n    at Promise._settlePromises (http://localhost:49574/__cypress/runner/cypress_runner.js:165528:18)\n    at Async../node_modules/bluebird/js/release/async.js.Async._drainQueue (http://localhost:49574/__cypress/runner/cypress_runner.js:162140:16)\n    at Async../node_modules/bluebird/js/release/async.js.Async._drainQueues (http://localhost:49574/__cypress/runner/cypress_runner.js:162150:10)\n    at Async.drainQueues (http://localhost:49574/__cypress/runner/cypress_runner.js:162024:14)",
                "diff": null
              },
              "uuid": "35b13a93-9676-40ce-a0c6-dc685d7a1b4a",
              "parentUUID": "fbcad4b1-deee-45b4-8fef-be70c252f368",
              "isHook": false,
              "skipped": false
            }
          ],
          "suites": [],
          "passes": [],
          "failures": [
            "de31423a-c3c8-426f-ac11-a573bfb6b19c",
            "35b13a93-9676-40ce-a0c6-dc685d7a1b4a"
          ],
          "pending": [],
          "skipped": [],
          "duration": 8744,
          "root": false,
          "rootEmpty": false,
          "_timeout": 2000
        },
        {
          "uuid": "7790f4c3-80e6-42a8-9ec0-98151cd1ad84",
          "title": "7 - Clicar em uma das cores da paleta, faz com que ela seja selecionada e utilizada para preencher os pixels no quadro.",
          "fullFile": "",
          "file": "",
          "beforeHooks": [],
          "afterHooks": [],
          "tests": [
            {
              "title": "Verifica se somente uma cor da paleta de cores tem a classe `selected` de cada vez",
              "fullTitle": "7 - Clicar em uma das cores da paleta, faz com que ela seja selecionada e utilizada para preencher os pixels no quadro. Verifica se somente uma cor da paleta de cores tem a classe `selected` de cada vez",
              "timedOut": null,
              "duration": 4369,
              "state": "failed",
              "speed": null,
              "pass": false,
              "fail": true,
              "pending": false,
              "context": null,
              "code": "cy.get('.color').each(function (selectedColor, selectedColorIndex) {\n  cy.wrap(selectedColor).click();\n  cy.get('.color').each(function (color, colorIndex) {\n    if (colorIndex === selectedColorIndex) {\n      expect(color).to.have[\"class\"]('selected');\n    } else {\n      expect(color).not.to.have[\"class\"]('selected');\n    }\n  });\n});",
              "err": {
                "message": "CypressError: Timed out retrying: Expected to find element: '.color', but never found it.",
                "estack": "CypressError: Timed out retrying: Expected to find element: '.color', but never found it.\n    at cypressErr (http://localhost:49574/__cypress/runner/cypress_runner.js:149934:9)\n    at throwErr (http://localhost:49574/__cypress/runner/cypress_runner.js:149867:11)\n    at Object.throwErrByPath (http://localhost:49574/__cypress/runner/cypress_runner.js:149915:3)\n    at retry (http://localhost:49574/__cypress/runner/cypress_runner.js:144197:19)\n    at onFailFn (http://localhost:49574/__cypress/runner/cypress_runner.js:132448:16)\n    at tryCatcher (http://localhost:49574/__cypress/runner/cypress_runner.js:167415:23)\n    at Promise._settlePromiseFromHandler (http://localhost:49574/__cypress/runner/cypress_runner.js:165351:31)\n    at Promise._settlePromise (http://localhost:49574/__cypress/runner/cypress_runner.js:165408:18)\n    at Promise._settlePromise0 (http://localhost:49574/__cypress/runner/cypress_runner.js:165453:10)\n    at Promise._settlePromises (http://localhost:49574/__cypress/runner/cypress_runner.js:165528:18)\n    at Async../node_modules/bluebird/js/release/async.js.Async._drainQueue (http://localhost:49574/__cypress/runner/cypress_runner.js:162140:16)\n    at Async../node_modules/bluebird/js/release/async.js.Async._drainQueues (http://localhost:49574/__cypress/runner/cypress_runner.js:162150:10)\n    at Async.drainQueues (http://localhost:49574/__cypress/runner/cypress_runner.js:162024:14)",
                "diff": null
              },
              "uuid": "35035172-f572-4f5d-a683-39f0593cbf99",
              "parentUUID": "7790f4c3-80e6-42a8-9ec0-98151cd1ad84",
              "isHook": false,
              "skipped": false
            },
            {
              "title": "Verifica se os pixels dentro do quadro não têm a classe `selected` quando são clicados",
              "fullTitle": "7 - Clicar em uma das cores da paleta, faz com que ela seja selecionada e utilizada para preencher os pixels no quadro. Verifica se os pixels dentro do quadro não têm a classe `selected` quando são clicados",
              "timedOut": null,
              "duration": 4352,
              "state": "failed",
              "speed": null,
              "pass": false,
              "fail": true,
              "pending": false,
              "context": null,
              "code": "cy.get('.color').each(function (color) {\n  var backgroundColor = color.css('background-color');\n  cy.wrap(color).click();\n  cy.get('.pixel').each(function (pixel) {\n    cy.wrap(pixel).click().should('not.have.class', 'selected');\n  });\n});",
              "err": {
                "message": "CypressError: Timed out retrying: Expected to find element: '.color', but never found it.",
                "estack": "CypressError: Timed out retrying: Expected to find element: '.color', but never found it.\n    at cypressErr (http://localhost:49574/__cypress/runner/cypress_runner.js:149934:9)\n    at throwErr (http://localhost:49574/__cypress/runner/cypress_runner.js:149867:11)\n    at Object.throwErrByPath (http://localhost:49574/__cypress/runner/cypress_runner.js:149915:3)\n    at retry (http://localhost:49574/__cypress/runner/cypress_runner.js:144197:19)\n    at onFailFn (http://localhost:49574/__cypress/runner/cypress_runner.js:132448:16)\n    at tryCatcher (http://localhost:49574/__cypress/runner/cypress_runner.js:167415:23)\n    at Promise._settlePromiseFromHandler (http://localhost:49574/__cypress/runner/cypress_runner.js:165351:31)\n    at Promise._settlePromise (http://localhost:49574/__cypress/runner/cypress_runner.js:165408:18)\n    at Promise._settlePromise0 (http://localhost:49574/__cypress/runner/cypress_runner.js:165453:10)\n    at Promise._settlePromises (http://localhost:49574/__cypress/runner/cypress_runner.js:165528:18)\n    at Async../node_modules/bluebird/js/release/async.js.Async._drainQueue (http://localhost:49574/__cypress/runner/cypress_runner.js:162140:16)\n    at Async../node_modules/bluebird/js/release/async.js.Async._drainQueues (http://localhost:49574/__cypress/runner/cypress_runner.js:162150:10)\n    at Async.drainQueues (http://localhost:49574/__cypress/runner/cypress_runner.js:162024:14)",
                "diff": null
              },
              "uuid": "d79dab29-5e2e-4158-9e14-385a3791e7e8",
              "parentUUID": "7790f4c3-80e6-42a8-9ec0-98151cd1ad84",
              "isHook": false,
              "skipped": false
            }
          ],
          "suites": [],
          "passes": [],
          "failures": [
            "35035172-f572-4f5d-a683-39f0593cbf99",
            "d79dab29-5e2e-4158-9e14-385a3791e7e8"
          ],
          "pending": [],
          "skipped": [],
          "duration": 8721,
          "root": false,
          "rootEmpty": false,
          "_timeout": 2000
        },
        {
          "uuid": "3e8f1139-ad5c-451b-a153-e99a1198a0f4",
          "title": "8 - Clicar em um pixel dentro do quadro após selecionar uma cor na paleta, faz com que o pixel seja preenchido com a cor selecionada.",
          "fullFile": "",
          "file": "",
          "beforeHooks": [],
          "afterHooks": [],
          "tests": [
            {
              "title": "Verifica se ao carregar a página deve ser possível pintar os pixels de preto",
              "fullTitle": "8 - Clicar em um pixel dentro do quadro após selecionar uma cor na paleta, faz com que o pixel seja preenchido com a cor selecionada. Verifica se ao carregar a página deve ser possível pintar os pixels de preto",
              "timedOut": null,
              "duration": 4413,
              "state": "failed",
              "speed": null,
              "pass": false,
              "fail": true,
              "pending": false,
              "context": null,
              "code": "cy.get('.pixel').each(function (pixel) {\n  cy.wrap(pixel).click().should('have.css', 'background-color', BLACK);\n});",
              "err": {
                "message": "CypressError: Timed out retrying: Expected to find element: '.pixel', but never found it.",
                "estack": "CypressError: Timed out retrying: Expected to find element: '.pixel', but never found it.\n    at cypressErr (http://localhost:49574/__cypress/runner/cypress_runner.js:149934:9)\n    at throwErr (http://localhost:49574/__cypress/runner/cypress_runner.js:149867:11)\n    at Object.throwErrByPath (http://localhost:49574/__cypress/runner/cypress_runner.js:149915:3)\n    at retry (http://localhost:49574/__cypress/runner/cypress_runner.js:144197:19)\n    at onFailFn (http://localhost:49574/__cypress/runner/cypress_runner.js:132448:16)\n    at tryCatcher (http://localhost:49574/__cypress/runner/cypress_runner.js:167415:23)\n    at Promise._settlePromiseFromHandler (http://localhost:49574/__cypress/runner/cypress_runner.js:165351:31)\n    at Promise._settlePromise (http://localhost:49574/__cypress/runner/cypress_runner.js:165408:18)\n    at Promise._settlePromise0 (http://localhost:49574/__cypress/runner/cypress_runner.js:165453:10)\n    at Promise._settlePromises (http://localhost:49574/__cypress/runner/cypress_runner.js:165528:18)\n    at Async../node_modules/bluebird/js/release/async.js.Async._drainQueue (http://localhost:49574/__cypress/runner/cypress_runner.js:162140:16)\n    at Async../node_modules/bluebird/js/release/async.js.Async._drainQueues (http://localhost:49574/__cypress/runner/cypress_runner.js:162150:10)\n    at Async.drainQueues (http://localhost:49574/__cypress/runner/cypress_runner.js:162024:14)",
                "diff": null
              },
              "uuid": "d425be18-dfaa-4a4d-8d09-6f993b13bf66",
              "parentUUID": "3e8f1139-ad5c-451b-a153-e99a1198a0f4",
              "isHook": false,
              "skipped": false
            },
            {
              "title": "Verifica se após selecionar uma outra cor na paleta, é possível pintar os pixels com essa cor",
              "fullTitle": "8 - Clicar em um pixel dentro do quadro após selecionar uma cor na paleta, faz com que o pixel seja preenchido com a cor selecionada. Verifica se após selecionar uma outra cor na paleta, é possível pintar os pixels com essa cor",
              "timedOut": null,
              "duration": 4345,
              "state": "failed",
              "speed": null,
              "pass": false,
              "fail": true,
              "pending": false,
              "context": null,
              "code": "cy.get('.color').each(function (color) {\n  var backgroundColor = color.css('background-color');\n  cy.wrap(color).click();\n  cy.get('.pixel').each(function (pixel) {\n    cy.wrap(pixel).click().should('have.css', 'background-color', backgroundColor);\n  });\n});",
              "err": {
                "message": "CypressError: Timed out retrying: Expected to find element: '.color', but never found it.",
                "estack": "CypressError: Timed out retrying: Expected to find element: '.color', but never found it.\n    at cypressErr (http://localhost:49574/__cypress/runner/cypress_runner.js:149934:9)\n    at throwErr (http://localhost:49574/__cypress/runner/cypress_runner.js:149867:11)\n    at Object.throwErrByPath (http://localhost:49574/__cypress/runner/cypress_runner.js:149915:3)\n    at retry (http://localhost:49574/__cypress/runner/cypress_runner.js:144197:19)\n    at onFailFn (http://localhost:49574/__cypress/runner/cypress_runner.js:132448:16)\n    at tryCatcher (http://localhost:49574/__cypress/runner/cypress_runner.js:167415:23)\n    at Promise._settlePromiseFromHandler (http://localhost:49574/__cypress/runner/cypress_runner.js:165351:31)\n    at Promise._settlePromise (http://localhost:49574/__cypress/runner/cypress_runner.js:165408:18)\n    at Promise._settlePromise0 (http://localhost:49574/__cypress/runner/cypress_runner.js:165453:10)\n    at Promise._settlePromises (http://localhost:49574/__cypress/runner/cypress_runner.js:165528:18)\n    at Async../node_modules/bluebird/js/release/async.js.Async._drainQueue (http://localhost:49574/__cypress/runner/cypress_runner.js:162140:16)\n    at Async../node_modules/bluebird/js/release/async.js.Async._drainQueues (http://localhost:49574/__cypress/runner/cypress_runner.js:162150:10)\n    at Async.drainQueues (http://localhost:49574/__cypress/runner/cypress_runner.js:162024:14)",
                "diff": null
              },
              "uuid": "9c31f9d9-9fbf-4197-951b-d180dbbe9f02",
              "parentUUID": "3e8f1139-ad5c-451b-a153-e99a1198a0f4",
              "isHook": false,
              "skipped": false
            },
            {
              "title": "Verifica se somente o pixel que foi clicado foi preenchido com a cor selecionada, sem influenciar na cor dos demais pixels.",
              "fullTitle": "8 - Clicar em um pixel dentro do quadro após selecionar uma cor na paleta, faz com que o pixel seja preenchido com a cor selecionada. Verifica se somente o pixel que foi clicado foi preenchido com a cor selecionada, sem influenciar na cor dos demais pixels.",
              "timedOut": null,
              "duration": 4397,
              "state": "failed",
              "speed": null,
              "pass": false,
              "fail": true,
              "pending": false,
              "context": null,
              "code": "var colorToPixelIndexMap = {\n  0: 6,\n  1: 8,\n  2: 16,\n  3: 18\n};\ncy.get('.color').each(function (color, index) {\n  cy.wrap(color).click();\n  var backgroundColor = color.css('background-color');\n  var clickedPixelIndex = colorToPixelIndexMap[index];\n  cy.get('.pixel').eq(clickedPixelIndex).click();\n  cy.get('.pixel').eq(clickedPixelIndex - 1).should('not.have.css', 'background-color', backgroundColor);\n  cy.get('.pixel').eq(clickedPixelIndex + 1).should('not.have.css', 'background-color', backgroundColor);\n  cy.get('.pixel').eq(clickedPixelIndex - 5).should('not.have.css', 'background-color', backgroundColor);\n  cy.get('.pixel').eq(clickedPixelIndex + 5).should('not.have.css', 'background-color', backgroundColor);\n  cy.get('.pixel').eq(clickedPixelIndex - 6).should('not.have.css', 'background-color', backgroundColor);\n  cy.get('.pixel').eq(clickedPixelIndex - 4).should('not.have.css', 'background-color', backgroundColor);\n  cy.get('.pixel').eq(clickedPixelIndex + 4).should('not.have.css', 'background-color', backgroundColor);\n  cy.get('.pixel').eq(clickedPixelIndex + 6).should('not.have.css', 'background-color', backgroundColor);\n});",
              "err": {
                "message": "CypressError: Timed out retrying: Expected to find element: '.color', but never found it.",
                "estack": "CypressError: Timed out retrying: Expected to find element: '.color', but never found it.\n    at cypressErr (http://localhost:49574/__cypress/runner/cypress_runner.js:149934:9)\n    at throwErr (http://localhost:49574/__cypress/runner/cypress_runner.js:149867:11)\n    at Object.throwErrByPath (http://localhost:49574/__cypress/runner/cypress_runner.js:149915:3)\n    at retry (http://localhost:49574/__cypress/runner/cypress_runner.js:144197:19)\n    at onFailFn (http://localhost:49574/__cypress/runner/cypress_runner.js:132448:16)\n    at tryCatcher (http://localhost:49574/__cypress/runner/cypress_runner.js:167415:23)\n    at Promise._settlePromiseFromHandler (http://localhost:49574/__cypress/runner/cypress_runner.js:165351:31)\n    at Promise._settlePromise (http://localhost:49574/__cypress/runner/cypress_runner.js:165408:18)\n    at Promise._settlePromise0 (http://localhost:49574/__cypress/runner/cypress_runner.js:165453:10)\n    at Promise._settlePromises (http://localhost:49574/__cypress/runner/cypress_runner.js:165528:18)\n    at Async../node_modules/bluebird/js/release/async.js.Async._drainQueue (http://localhost:49574/__cypress/runner/cypress_runner.js:162140:16)\n    at Async../node_modules/bluebird/js/release/async.js.Async._drainQueues (http://localhost:49574/__cypress/runner/cypress_runner.js:162150:10)\n    at Async.drainQueues (http://localhost:49574/__cypress/runner/cypress_runner.js:162024:14)",
                "diff": null
              },
              "uuid": "02d2951d-cd57-4dee-b737-0180a6012d83",
              "parentUUID": "3e8f1139-ad5c-451b-a153-e99a1198a0f4",
              "isHook": false,
              "skipped": false
            }
          ],
          "suites": [],
          "passes": [],
          "failures": [
            "d425be18-dfaa-4a4d-8d09-6f993b13bf66",
            "9c31f9d9-9fbf-4197-951b-d180dbbe9f02",
            "02d2951d-cd57-4dee-b737-0180a6012d83"
          ],
          "pending": [],
          "skipped": [],
          "duration": 13155,
          "root": false,
          "rootEmpty": false,
          "_timeout": 2000
        },
        {
          "uuid": "d2556f3d-0be4-457d-8122-be3f80114e44",
          "title": "9 - Crie um botão que, ao ser clicado, limpa o quadro preenchendo a cor de todos seus pixels com branco.",
          "fullFile": "",
          "file": "",
          "beforeHooks": [],
          "afterHooks": [],
          "tests": [
            {
              "title": "Verifica se o botão tem o `id` denominado `clear-board`",
              "fullTitle": "9 - Crie um botão que, ao ser clicado, limpa o quadro preenchendo a cor de todos seus pixels com branco. Verifica se o botão tem o `id` denominado `clear-board`",
              "timedOut": null,
              "duration": 4410,
              "state": "failed",
              "speed": null,
              "pass": false,
              "fail": true,
              "pending": false,
              "context": null,
              "code": "cy.get('#clear-board').should('be.visible');",
              "err": {
                "message": "CypressError: Timed out retrying: Expected to find element: '#clear-board', but never found it.",
                "estack": "CypressError: Timed out retrying: Expected to find element: '#clear-board', but never found it.\n    at cypressErr (http://localhost:49574/__cypress/runner/cypress_runner.js:149934:9)\n    at throwErr (http://localhost:49574/__cypress/runner/cypress_runner.js:149867:11)\n    at Object.throwErrByPath (http://localhost:49574/__cypress/runner/cypress_runner.js:149915:3)\n    at retry (http://localhost:49574/__cypress/runner/cypress_runner.js:144197:19)\n    at onFailFn (http://localhost:49574/__cypress/runner/cypress_runner.js:132448:16)\n    at tryCatcher (http://localhost:49574/__cypress/runner/cypress_runner.js:167415:23)\n    at Promise._settlePromiseFromHandler (http://localhost:49574/__cypress/runner/cypress_runner.js:165351:31)\n    at Promise._settlePromise (http://localhost:49574/__cypress/runner/cypress_runner.js:165408:18)\n    at Promise._settlePromise0 (http://localhost:49574/__cypress/runner/cypress_runner.js:165453:10)\n    at Promise._settlePromises (http://localhost:49574/__cypress/runner/cypress_runner.js:165528:18)\n    at Async../node_modules/bluebird/js/release/async.js.Async._drainQueue (http://localhost:49574/__cypress/runner/cypress_runner.js:162140:16)\n    at Async../node_modules/bluebird/js/release/async.js.Async._drainQueues (http://localhost:49574/__cypress/runner/cypress_runner.js:162150:10)\n    at Async.drainQueues (http://localhost:49574/__cypress/runner/cypress_runner.js:162024:14)",
                "diff": null
              },
              "uuid": "59511eab-674f-463a-8df1-8dad1b0b6518",
              "parentUUID": "d2556f3d-0be4-457d-8122-be3f80114e44",
              "isHook": false,
              "skipped": false
            },
            {
              "title": "Verifica se o botão está posicionado entre a paleta de cores e o quadro de pixels",
              "fullTitle": "9 - Crie um botão que, ao ser clicado, limpa o quadro preenchendo a cor de todos seus pixels com branco. Verifica se o botão está posicionado entre a paleta de cores e o quadro de pixels",
              "timedOut": null,
              "duration": 4350,
              "state": "failed",
              "speed": null,
              "pass": false,
              "fail": true,
              "pending": false,
              "context": null,
              "code": "cy.get('#color-palette').then(function (palette) {\n  cy.get('#clear-board').should('be.belowOf', palette);\n});\ncy.get('#clear-board').then(function (clearBtn) {\n  cy.get('#pixel-board').should('be.belowOf', clearBtn);\n});",
              "err": {
                "message": "CypressError: Timed out retrying: Expected to find element: '#color-palette', but never found it.",
                "estack": "CypressError: Timed out retrying: Expected to find element: '#color-palette', but never found it.\n    at cypressErr (http://localhost:49574/__cypress/runner/cypress_runner.js:149934:9)\n    at throwErr (http://localhost:49574/__cypress/runner/cypress_runner.js:149867:11)\n    at Object.throwErrByPath (http://localhost:49574/__cypress/runner/cypress_runner.js:149915:3)\n    at retry (http://localhost:49574/__cypress/runner/cypress_runner.js:144197:19)\n    at onFailFn (http://localhost:49574/__cypress/runner/cypress_runner.js:132448:16)\n    at tryCatcher (http://localhost:49574/__cypress/runner/cypress_runner.js:167415:23)\n    at Promise._settlePromiseFromHandler (http://localhost:49574/__cypress/runner/cypress_runner.js:165351:31)\n    at Promise._settlePromise (http://localhost:49574/__cypress/runner/cypress_runner.js:165408:18)\n    at Promise._settlePromise0 (http://localhost:49574/__cypress/runner/cypress_runner.js:165453:10)\n    at Promise._settlePromises (http://localhost:49574/__cypress/runner/cypress_runner.js:165528:18)\n    at Async../node_modules/bluebird/js/release/async.js.Async._drainQueue (http://localhost:49574/__cypress/runner/cypress_runner.js:162140:16)\n    at Async../node_modules/bluebird/js/release/async.js.Async._drainQueues (http://localhost:49574/__cypress/runner/cypress_runner.js:162150:10)\n    at Async.drainQueues (http://localhost:49574/__cypress/runner/cypress_runner.js:162024:14)",
                "diff": null
              },
              "uuid": "f1888f03-80b5-41e8-a6ae-17221675e7c9",
              "parentUUID": "d2556f3d-0be4-457d-8122-be3f80114e44",
              "isHook": false,
              "skipped": false
            },
            {
              "title": "Verifica se o texto do botão é 'Limpar'",
              "fullTitle": "9 - Crie um botão que, ao ser clicado, limpa o quadro preenchendo a cor de todos seus pixels com branco. Verifica se o texto do botão é 'Limpar'",
              "timedOut": null,
              "duration": 4374,
              "state": "failed",
              "speed": null,
              "pass": false,
              "fail": true,
              "pending": false,
              "context": null,
              "code": "cy.get('#clear-board').should('contain.text', 'Limpar');",
              "err": {
                "message": "CypressError: Timed out retrying: Expected to find element: '#clear-board', but never found it.",
                "estack": "CypressError: Timed out retrying: Expected to find element: '#clear-board', but never found it.\n    at cypressErr (http://localhost:49574/__cypress/runner/cypress_runner.js:149934:9)\n    at throwErr (http://localhost:49574/__cypress/runner/cypress_runner.js:149867:11)\n    at Object.throwErrByPath (http://localhost:49574/__cypress/runner/cypress_runner.js:149915:3)\n    at retry (http://localhost:49574/__cypress/runner/cypress_runner.js:144197:19)\n    at onFailFn (http://localhost:49574/__cypress/runner/cypress_runner.js:132448:16)\n    at tryCatcher (http://localhost:49574/__cypress/runner/cypress_runner.js:167415:23)\n    at Promise._settlePromiseFromHandler (http://localhost:49574/__cypress/runner/cypress_runner.js:165351:31)\n    at Promise._settlePromise (http://localhost:49574/__cypress/runner/cypress_runner.js:165408:18)\n    at Promise._settlePromise0 (http://localhost:49574/__cypress/runner/cypress_runner.js:165453:10)\n    at Promise._settlePromises (http://localhost:49574/__cypress/runner/cypress_runner.js:165528:18)\n    at Async../node_modules/bluebird/js/release/async.js.Async._drainQueue (http://localhost:49574/__cypress/runner/cypress_runner.js:162140:16)\n    at Async../node_modules/bluebird/js/release/async.js.Async._drainQueues (http://localhost:49574/__cypress/runner/cypress_runner.js:162150:10)\n    at Async.drainQueues (http://localhost:49574/__cypress/runner/cypress_runner.js:162024:14)",
                "diff": null
              },
              "uuid": "815a7522-19da-4e3b-a337-183e37b1dcf7",
              "parentUUID": "d2556f3d-0be4-457d-8122-be3f80114e44",
              "isHook": false,
              "skipped": false
            },
            {
              "title": "Verifica se ao clicar no botão, o quadro de pixels é totalmente preenchido de branco",
              "fullTitle": "9 - Crie um botão que, ao ser clicado, limpa o quadro preenchendo a cor de todos seus pixels com branco. Verifica se ao clicar no botão, o quadro de pixels é totalmente preenchido de branco",
              "timedOut": null,
              "duration": 4373,
              "state": "failed",
              "speed": null,
              "pass": false,
              "fail": true,
              "pending": false,
              "context": null,
              "code": "cy.get('.color').eq(1).then(function (color) {\n  var backgroundColor = color.css('background-color');\n  cy.wrap(color).click();\n  cy.get('.pixel').each(function (pixel) {\n    cy.wrap(pixel).click().should('have.css', 'background-color', backgroundColor);\n  });\n});\ncy.get('#clear-board').click();\ncy.get('.pixel').each(function (pixel) {\n  cy.wrap(pixel).should('have.css', 'background-color', WHITE);\n});",
              "err": {
                "message": "CypressError: Timed out retrying: Expected to find element: '.color', but never found it.",
                "estack": "CypressError: Timed out retrying: Expected to find element: '.color', but never found it.\n    at cypressErr (http://localhost:49574/__cypress/runner/cypress_runner.js:149934:9)\n    at throwErr (http://localhost:49574/__cypress/runner/cypress_runner.js:149867:11)\n    at Object.throwErrByPath (http://localhost:49574/__cypress/runner/cypress_runner.js:149915:3)\n    at retry (http://localhost:49574/__cypress/runner/cypress_runner.js:144197:19)\n    at onFailFn (http://localhost:49574/__cypress/runner/cypress_runner.js:132448:16)\n    at tryCatcher (http://localhost:49574/__cypress/runner/cypress_runner.js:167415:23)\n    at Promise._settlePromiseFromHandler (http://localhost:49574/__cypress/runner/cypress_runner.js:165351:31)\n    at Promise._settlePromise (http://localhost:49574/__cypress/runner/cypress_runner.js:165408:18)\n    at Promise._settlePromise0 (http://localhost:49574/__cypress/runner/cypress_runner.js:165453:10)\n    at Promise._settlePromises (http://localhost:49574/__cypress/runner/cypress_runner.js:165528:18)\n    at Async../node_modules/bluebird/js/release/async.js.Async._drainQueue (http://localhost:49574/__cypress/runner/cypress_runner.js:162140:16)\n    at Async../node_modules/bluebird/js/release/async.js.Async._drainQueues (http://localhost:49574/__cypress/runner/cypress_runner.js:162150:10)\n    at Async.drainQueues (http://localhost:49574/__cypress/runner/cypress_runner.js:162024:14)",
                "diff": null
              },
              "uuid": "3a60f016-cdbf-40ec-846e-6e42b63c8c29",
              "parentUUID": "d2556f3d-0be4-457d-8122-be3f80114e44",
              "isHook": false,
              "skipped": false
            }
          ],
          "suites": [],
          "passes": [],
          "failures": [
            "59511eab-674f-463a-8df1-8dad1b0b6518",
            "f1888f03-80b5-41e8-a6ae-17221675e7c9",
            "815a7522-19da-4e3b-a337-183e37b1dcf7",
            "3a60f016-cdbf-40ec-846e-6e42b63c8c29"
          ],
          "pending": [],
          "skipped": [],
          "duration": 17507,
          "root": false,
          "rootEmpty": false,
          "_timeout": 2000
        },
        {
          "uuid": "c507c133-8e9d-4af6-a446-f5aa6a81355b",
          "title": "10 - Faça o quadro de pixels ter seu tamanho definido pelo usuário.",
          "fullFile": "",
          "file": "",
          "beforeHooks": [],
          "afterHooks": [],
          "tests": [
            {
              "title": "Verifica se existe um input com o id `board-size`",
              "fullTitle": "10 - Faça o quadro de pixels ter seu tamanho definido pelo usuário. Verifica se existe um input com o id `board-size`",
              "timedOut": null,
              "duration": 4412,
              "state": "failed",
              "speed": null,
              "pass": false,
              "fail": true,
              "pending": false,
              "context": null,
              "code": "cy.get('#board-size').should('be.visible');",
              "err": {
                "message": "CypressError: Timed out retrying: Expected to find element: '#board-size', but never found it.",
[...]
                "diff": null
              },
              "uuid": "ac70968c-09ca-4ec8-a749-27e31b021949",
              "parentUUID": "c507c133-8e9d-4af6-a446-f5aa6a81355b",
              "isHook": false,
              "skipped": false
            },
            {
              "title": "Verifica se o novo quadro tem todos os pixels preenchidos com a cor branca",
              "fullTitle": "10 - Faça o quadro de pixels ter seu tamanho definido pelo usuário. Verifica se o novo quadro tem todos os pixels preenchidos com a cor branca",
              "timedOut": null,
              "duration": 4371,
              "state": "failed",
              "speed": null,
              "pass": false,
              "fail": true,
              "pending": false,
              "context": null,
              "code": "cy.get('#board-size').clear().type(6);\ncy.get('#generate-board').click();\ncy.get('.pixel').should('have.length', 36).each(function (pixel) {\n  expect(pixel).to.have.css('background-color', WHITE);\n});",
              "err": {
                "message": "CypressError: Timed out retrying: Expected to find element: '#board-size', but never found it.",
                "estack": "CypressError: Timed out retrying: Expected to find element: '#board-size', but never found it.\n    at cypressErr (http://localhost:49574/__cypress/runner/cypress_runner.js:149934:9)\n    at throwErr (http://localhost:49574/__cypress/runner/cypress_runner.js:149867:11)\n    at Object.throwErrByPath (http://localhost:49574/__cypress/runner/cypress_runner.js:149915:3)\n    at retry (http://localhost:49574/__cypress/runner/cypress_runner.js:144197:19)\n    at onFailFn (http://localhost:49574/__cypress/runner/cypress_runner.js:132448:16)\n    at tryCatcher (http://localhost:49574/__cypress/runner/cypress_runner.js:167415:23)\n    at Promise._settlePromiseFromHandler (http://localhost:49574/__cypress/runner/cypress_runner.js:165351:31)\n    at Promise._settlePromise (http://localhost:49574/__cypress/runner/cypress_runner.js:165408:18)\n    at Promise._settlePromise0 (http://localhost:49574/__cypress/runner/cypress_runner.js:165453:10)\n    at Promise._settlePromises (http://localhost:49574/__cypress/runner/cypress_runner.js:165528:18)\n    at Async../node_modules/bluebird/js/release/async.js.Async._drainQueue (http://localhost:49574/__cypress/runner/cypress_runner.js:162140:16)\n    at Async../node_modules/bluebird/js/release/async.js.Async._drainQueues (http://localhost:49574/__cypress/runner/cypress_runner.js:162150:10)\n    at Async.drainQueues (http://localhost:49574/__cypress/runner/cypress_runner.js:162024:14)",
                "diff": null
              },
              "uuid": "c07df9b9-5cd7-4db6-a522-784e39f153ac",
              "parentUUID": "c507c133-8e9d-4af6-a446-f5aa6a81355b",
              "isHook": false,
              "skipped": false
            }
          ],
          "suites": [],
          "passes": [],
          "failures": [
            "957ffea9-809c-4509-ab54-e3eb757643a3",
            "1a09cfc9-d3af-4a03-b152-7f130988134e",
            "53f8a5cc-5c33-4020-b6a5-da210e5f1137",
            "eede7a3c-2a22-4b2a-96b7-4fffd854e376",
            "1107c641-dd9a-4575-bf10-c64cc9d70757",
            "434dc4ed-996f-4af7-a38c-8fddbab02d64",
            "738f104b-b818-4957-b6ea-713705f37071",
            "ac70968c-09ca-4ec8-a749-27e31b021949",
            "c07df9b9-5cd7-4db6-a522-784e39f153ac"
          ],
          "pending": [],
          "skipped": [],
          "duration": 39428,
          "root": false,
          "rootEmpty": false,
          "_timeout": 2000
        },
        {
          "uuid": "fe22cbf0-4085-473e-b866-e66c26ee788a",
          "title": "11 - Limite o tamanho mínimo e máximo do board.",
          "fullFile": "",
          "file": "",
          "beforeHooks": [],
          "afterHooks": [],
          "tests": [
            {
              "title": "Verifica se a altura máxima do board é 50",
              "fullTitle": "11 - Limite o tamanho mínimo e máximo do board. Verifica se a altura máxima do board é 50",
              "timedOut": null,
              "duration": 4380,
              "state": "failed",
              "speed": null,
              "pass": false,
              "fail": true,
              "pending": false,
              "context": null,
              "code": "cy.get('#board-size').clear().type(50);\ncy.get('#generate-board').click();\ncy.get('.pixel').should('have.length', 2500);",
              "err": {
                "message": "CypressError: Timed out retrying: Expected to find element: '#board-size', but never found it.",
                "estack": "CypressError: Timed out retrying: Expected to find element: '#board-size', but never found it.\n    at cypressErr (http://localhost:49574/__cypress/runner/cypress_runner.js:149934:9)\n    at throwErr (http://localhost:49574/__cypress/runner/cypress_runner.js:149867:11)\n    at Object.throwErrByPath (http://localhost:49574/__cypress/runner/cypress_runner.js:149915:3)\n    at retry (http://localhost:49574/__cypress/runner/cypress_runner.js:144197:19)\n    at onFailFn (http://localhost:49574/__cypress/runner/cypress_runner.js:132448:16)\n    at tryCatcher (http://localhost:49574/__cypress/runner/cypress_runner.js:167415:23)\n    at Promise._settlePromiseFromHandler (http://localhost:49574/__cypress/runner/cypress_runner.js:165351:31)\n    at Promise._settlePromise (http://localhost:49574/__cypress/runner/cypress_runner.js:165408:18)\n    at Promise._settlePromise0 (http://localhost:49574/__cypress/runner/cypress_runner.js:165453:10)\n    at Promise._settlePromises (http://localhost:49574/__cypress/runner/cypress_runner.js:165528:18)\n    at Async../node_modules/bluebird/js/release/async.js.Async._drainQueue (http://localhost:49574/__cypress/runner/cypress_runner.js:162140:16)\n    at Async../node_modules/bluebird/js/release/async.js.Async._drainQueues (http://localhost:49574/__cypress/runner/cypress_runner.js:162150:10)\n    at Async.drainQueues (http://localhost:49574/__cypress/runner/cypress_runner.js:162024:14)",
                "diff": null
              },
              "uuid": "a0e47340-f7d0-45ca-87e4-45e4d6f1aab6",
              "parentUUID": "fe22cbf0-4085-473e-b866-e66c26ee788a",
              "isHook": false,
              "skipped": false
            },
            {
              "title": "Verifica se a altura do board é 5 quando um valor menor é colocado no input",
              "fullTitle": "11 - Limite o tamanho mínimo e máximo do board. Verifica se a altura do board é 5 quando um valor menor é colocado no input",
              "timedOut": null,
              "duration": 4407,
              "state": "failed",
              "speed": null,
              "pass": false,
              "fail": true,
              "pending": false,
              "context": null,
              "code": "cy.get('#board-size').clear().type(4);\ncy.get('#generate-board').click();\ncy.get('.pixel').should('have.length', 25);",
              "err": {
                "message": "CypressError: Timed out retrying: Expected to find element: '#board-size', but never found it.",
                "estack": "CypressError: Timed out retrying: Expected to find element: '#board-size', but never found it.\n    at cypressErr (http://localhost:49574/__cypress/runner/cypress_runner.js:149934:9)\n    at throwErr (http://localhost:49574/__cypress/runner/cypress_runner.js:149867:11)\n    at Object.throwErrByPath (http://localhost:49574/__cypress/runner/cypress_runner.js:149915:3)\n    at retry (http://localhost:49574/__cypress/runner/cypress_runner.js:144197:19)\n    at onFailFn (http://localhost:49574/__cypress/runner/cypress_runner.js:132448:16)\n    at tryCatcher (http://localhost:49574/__cypress/runner/cypress_runner.js:167415:23)\n    at Promise._settlePromiseFromHandler (http://localhost:49574/__cypress/runner/cypress_runner.js:165351:31)\n    at Promise._settlePromise (http://localhost:49574/__cypress/runner/cypress_runner.js:165408:18)\n    at Promise._settlePromise0 (http://localhost:49574/__cypress/runner/cypress_runner.js:165453:10)\n    at Promise._settlePromises (http://localhost:49574/__cypress/runner/cypress_runner.js:165528:18)\n    at Async../node_modules/bluebird/js/release/async.js.Async._drainQueue (http://localhost:49574/__cypress/runner/cypress_runner.js:162140:16)\n    at Async../node_modules/bluebird/js/release/async.js.Async._drainQueues (http://localhost:49574/__cypress/runner/cypress_runner.js:162150:10)\n    at Async.drainQueues (http://localhost:49574/__cypress/runner/cypress_runner.js:162024:14)",
                "diff": null
              },
              "uuid": "e0123f4a-5d27-4f8a-8008-6f05124ada66",
              "parentUUID": "fe22cbf0-4085-473e-b866-e66c26ee788a",
              "isHook": false,
              "skipped": false
            },
            {
              "title": "Verifica se a altura do board é 50 quando um valor maior é colocado no input",
              "fullTitle": "11 - Limite o tamanho mínimo e máximo do board. Verifica se a altura do board é 50 quando um valor maior é colocado no input",
              "timedOut": null,
              "duration": 4410,
              "state": "failed",
              "speed": null,
              "pass": false,
              "fail": true,
              "pending": false,
              "context": null,
              "code": "cy.get('#board-size').clear().type(51);\ncy.get('#generate-board').click();\ncy.get('.pixel').should('have.length', 2500);",
              "err": {
                "message": "CypressError: Timed out retrying: Expected to find element: '#board-size', but never found it.",
                "estack": "CypressError: Timed out retrying: Expected to find element: '#board-size', but never found it.\n    at cypressErr (http://localhost:49574/__cypress/runner/cypress_runner.js:149934:9)\n    at throwErr (http://localhost:49574/__cypress/runner/cypress_runner.js:149867:11)\n    at Object.throwErrByPath (http://localhost:49574/__cypress/runner/cypress_runner.js:149915:3)\n    at retry (http://localhost:49574/__cypress/runner/cypress_runner.js:144197:19)\n    at onFailFn (http://localhost:49574/__cypress/runner/cypress_runner.js:132448:16)\n    at tryCatcher (http://localhost:49574/__cypress/runner/cypress_runner.js:167415:23)\n    at Promise._settlePromiseFromHandler (http://localhost:49574/__cypress/runner/cypress_runner.js:165351:31)\n    at Promise._settlePromise (http://localhost:49574/__cypress/runner/cypress_runner.js:165408:18)\n    at Promise._settlePromise0 (http://localhost:49574/__cypress/runner/cypress_runner.js:165453:10)\n    at Promise._settlePromises (http://localhost:49574/__cypress/runner/cypress_runner.js:165528:18)\n    at Async../node_modules/bluebird/js/release/async.js.Async._drainQueue (http://localhost:49574/__cypress/runner/cypress_runner.js:162140:16)\n    at Async../node_modules/bluebird/js/release/async.js.Async._drainQueues (http://localhost:49574/__cypress/runner/cypress_runner.js:162150:10)\n    at Async.drainQueues (http://localhost:49574/__cypress/runner/cypress_runner.js:162024:14)",
                "diff": null
              },
              "uuid": "ef58f795-b07c-460a-8f0e-25ea29503444",
              "parentUUID": "fe22cbf0-4085-473e-b866-e66c26ee788a",
              "isHook": false,
              "skipped": false
            }
          ],
          "suites": [],
          "passes": [],
          "failures": [
            "a0e47340-f7d0-45ca-87e4-45e4d6f1aab6",
            "e0123f4a-5d27-4f8a-8008-6f05124ada66",
            "ef58f795-b07c-460a-8f0e-25ea29503444"
          ],
          "pending": [],
          "skipped": [],
          "duration": 13197,
          "root": false,
          "rootEmpty": false,
          "_timeout": 2000
        },
        {
          "uuid": "b211eb34-a114-40cc-8569-2f32155df401",
          "title": "12 - Faça com que as cores da paleta sejam geradas aleatoriamente ao carregar a página.",
          "fullFile": "",
          "file": "",
          "beforeHooks": [],
          "afterHooks": [],
          "tests": [
            {
              "title": "Verifica se as cores geradas na paleta são diferentes a cada carregamento da página",
              "fullTitle": "12 - Faça com que as cores da paleta sejam geradas aleatoriamente ao carregar a página. Verifica se as cores geradas na paleta são diferentes a cada carregamento da página",
              "timedOut": null,
              "duration": 4374,
              "state": "failed",
              "speed": null,
              "pass": false,
              "fail": true,
              "pending": false,
              "context": null,
              "code": "cy.get('.color').then(function (colors) {\n  var currentColors;\n  var previousColors;\n  previousColors = Array.from(colors).map(function (color) {\n    return Cypress.$(color).css('background-color');\n  });\n  for (var i = 0; i < 5; i += 1) {\n    cy.reload();\n    cy.get('.color').then(function (colors) {\n      currentColors = Array.from(colors).map(function (color) {\n        return Cypress.$(color).css('background-color');\n      });\n      expect(currentColors).not.to.deep.equal(previousColors);\n      previousColors = currentColors;\n    });\n  }\n});",
              "err": {
                "message": "CypressError: Timed out retrying: Expected to find element: '.color', but never found it.",
                "estack": "CypressError: Timed out retrying: Expected to find element: '.color', but never found it.\n    at cypressErr (http://localhost:49574/__cypress/runner/cypress_runner.js:149934:9)\n    at throwErr (http://localhost:49574/__cypress/runner/cypress_runner.js:149867:11)\n    at Object.throwErrByPath (http://localhost:49574/__cypress/runner/cypress_runner.js:149915:3)\n    at retry (http://localhost:49574/__cypress/runner/cypress_runner.js:144197:19)\n    at onFailFn (http://localhost:49574/__cypress/runner/cypress_runner.js:132448:16)\n    at tryCatcher (http://localhost:49574/__cypress/runner/cypress_runner.js:167415:23)\n    at Promise._settlePromiseFromHandler (http://localhost:49574/__cypress/runner/cypress_runner.js:165351:31)\n    at Promise._settlePromise (http://localhost:49574/__cypress/runner/cypress_runner.js:165408:18)\n    at Promise._settlePromise0 (http://localhost:49574/__cypress/runner/cypress_runner.js:165453:10)\n    at Promise._settlePromises (http://localhost:49574/__cypress/runner/cypress_runner.js:165528:18)\n    at Async../node_modules/bluebird/js/release/async.js.Async._drainQueue (http://localhost:49574/__cypress/runner/cypress_runner.js:162140:16)\n    at Async../node_modules/bluebird/js/release/async.js.Async._drainQueues (http://localhost:49574/__cypress/runner/cypress_runner.js:162150:10)\n    at Async.drainQueues (http://localhost:49574/__cypress/runner/cypress_runner.js:162024:14)",
                "diff": null
              },
              "uuid": "6d621bd4-f40f-4282-8eb1-49af7c2c9bbb",
              "parentUUID": "b211eb34-a114-40cc-8569-2f32155df401",
              "isHook": false,
              "skipped": false
            },
            {
              "title": "Verifica se a cor preta ainda está presente e é a primeira na sua paleta de cores",
              "fullTitle": "12 - Faça com que as cores da paleta sejam geradas aleatoriamente ao carregar a página. Verifica se a cor preta ainda está presente e é a primeira na sua paleta de cores",
              "timedOut": null,
              "duration": 4416,
              "state": "failed",
              "speed": null,
              "pass": false,
              "fail": true,
              "pending": false,
              "context": null,
              "code": "cy.get('.color').then(function (colors) {\n  var currentColors;\n  var previousColors;\n  previousColors = Array.from(colors).map(function (color) {\n    return Cypress.$(color).css('background-color');\n  });\n  expect(previousColors[0]).to.eq(BLACK);\n  for (var i = 0; i < 5; i += 1) {\n    cy.reload();\n    cy.get('.color').then(function (colors) {\n      currentColors = Array.from(colors).map(function (color) {\n        return Cypress.$(color).css('background-color');\n      });\n      expect(currentColors[0]).to.eq(BLACK);\n      expect(currentColors).not.to.deep.equal(previousColors);\n      previousColors = currentColors;\n    });\n  }\n});",
              "err": {
                "message": "CypressError: Timed out retrying: Expected to find element: '.color', but never found it.",
                "estack": "CypressError: Timed out retrying: Expected to find element: '.color', but never found it.\n    at cypressErr (http://localhost:49574/__cypress/runner/cypress_runner.js:149934:9)\n    at throwErr (http://localhost:49574/__cypress/runner/cypress_runner.js:149867:11)\n    at Object.throwErrByPath (http://localhost:49574/__cypress/runner/cypress_runner.js:149915:3)\n    at retry (http://localhost:49574/__cypress/runner/cypress_runner.js:144197:19)\n    at onFailFn (http://localhost:49574/__cypress/runner/cypress_runner.js:132448:16)\n    at tryCatcher (http://localhost:49574/__cypress/runner/cypress_runner.js:167415:23)\n    at Promise._settlePromiseFromHandler (http://localhost:49574/__cypress/runner/cypress_runner.js:165351:31)\n    at Promise._settlePromise (http://localhost:49574/__cypress/runner/cypress_runner.js:165408:18)\n    at Promise._settlePromise0 (http://localhost:49574/__cypress/runner/cypress_runner.js:165453:10)\n    at Promise._settlePromises (http://localhost:49574/__cypress/runner/cypress_runner.js:165528:18)\n    at Async../node_modules/bluebird/js/release/async.js.Async._drainQueue (http://localhost:49574/__cypress/runner/cypress_runner.js:162140:16)\n    at Async../node_modules/bluebird/js/release/async.js.Async._drainQueues (http://localhost:49574/__cypress/runner/cypress_runner.js:162150:10)\n    at Async.drainQueues (http://localhost:49574/__cypress/runner/cypress_runner.js:162024:14)",
                "diff": null
              },
              "uuid": "a0d1b7da-6b56-44c2-8617-cfbe477d75e1",
              "parentUUID": "b211eb34-a114-40cc-8569-2f32155df401",
              "isHook": false,
              "skipped": false
            }
          ],
          "suites": [],
          "passes": [],
          "failures": [
            "6d621bd4-f40f-4282-8eb1-49af7c2c9bbb",
            "a0d1b7da-6b56-44c2-8617-cfbe477d75e1"
          ],
          "pending": [],
          "skipped": [],
          "duration": 8790,
          "root": false,
          "rootEmpty": false,
          "_timeout": 2000
        }
      ],
      "passes": [],
      "failures": [],
      "pending": [],
      "skipped": [],
      "duration": 0,
      "root": true,
      "rootEmpty": true,
      "_timeout": 2000
    }
  ],
  "meta": {
    "mocha": {
      "version": "7.0.1"
    },
    "mochawesome": {
      "options": {
        "quiet": false,
        "reportFilename": "mochawesome",
        "saveHtml": false,
        "saveJson": true,
        "consoleReporter": "spec",
        "useInlineDiffs": false
      },
      "version": "4.1.0"
    },
    "marge": {
      "options": {
        "id": "default",
        "reportDir": "cypress/reports",
        "overwrite": true,
        "html": false,
        "json": true
      },
      "version": "4.1.0"
    }
  }
}